<?xml version="1.0" encoding="UTF-8"?>
<!-- Generated by org.testng.reporters.JUnitReportReporter -->
<testsuite hostname="DESKTOP-J3GJJKV" failures="0" tests="1" name="testngdemopackage.AppTest" time="0.031" errors="0" timestamp="2024-09-02T19:23:37 IST" skipped="0">
  <testcase classname="testngdemopackage.AppTest" name="sample" time="0.031"/>
  <system-out/>
</testsuite> <!-- testngdemopackage.AppTest -->
